# JRE version: OpenJDK Runtime Environment (8.0_152-b02) (build 1.8.0_152-release-1024-b02)
# Java VM: OpenJDK 64-Bit Server VM (25.152-b02 mixed mode windows-amd64 compressed oops)
Heap:
 PSYoungGen      total 47104K, used 4444K [0x00000000e0000000, 0x00000000e3d80000, 0x0000000100000000)
  eden space 38912K, 11% used [0x00000000e0000000,0x00000000e04571c8,0x00000000e2600000)
  from space 8192K, 0% used [0x00000000e2e80000,0x00000000e2e80000,0x00000000e3680000)
  to   space 8704K, 0% used [0x00000000e2600000,0x00000000e2600000,0x00000000e2e80000)
 ParOldGen       total 51712K, used 16005K [0x00000000a0000000, 0x00000000a3280000, 0x00000000e0000000)
  object space 51712K, 30% used [0x00000000a0000000,0x00000000a0fa1718,0x00000000a3280000)
 Metaspace       used 35476K, capacity 36220K, committed 36480K, reserved 1081344K
  class space    used 4924K, capacity 5165K, committed 5248K, reserved 1048576K
GC Heap History (10 events):
Event: 22.445 GC heap before
{Heap before GC invocations=14 (full 1):
 PSYoungGen      total 33280K, used 32122K [0x00000000e0000000, 0x00000000e2b80000, 0x0000000100000000)
  eden space 27648K, 100% used [0x00000000e0000000,0x00000000e1b00000,0x00000000e1b00000)
  from space 5632K, 79% used [0x00000000e2080000,0x00000000e24deac8,0x00000000e2600000)
  to   space 5632K, 0% used [0x00000000e1b00000,0x00000000e1b00000,0x00000000e2080000)
 ParOldGen       total 34816K, used 7978K [0x00000000a0000000, 0x00000000a2200000, 0x00000000e0000000)
  object space 34816K, 22% used [0x00000000a0000000,0x00000000a07caa58,0x00000000a2200000)
 Metaspace       used 28410K, capacity 29004K, committed 29312K, reserved 1075200K
  class space    used 3960K, capacity 4138K, committed 4224K, reserved 1048576K
Event: 22.457 GC heap after
Heap after GC invocations=14 (full 1):
 PSYoungGen      total 33280K, used 5630K [0x00000000e0000000, 0x00000000e2d80000, 0x0000000100000000)
  eden space 27648K, 0% used [0x00000000e0000000,0x00000000e0000000,0x00000000e1b00000)
  from space 5632K, 99% used [0x00000000e1b00000,0x00000000e207fb68,0x00000000e2080000)
  to   space 6144K, 0% used [0x00000000e2780000,0x00000000e2780000,0x00000000e2d80000)
 ParOldGen       total 34816K, used 8398K [0x00000000a0000000, 0x00000000a2200000, 0x00000000e0000000)
  object space 34816K, 24% used [0x00000000a0000000,0x00000000a0833b08,0x00000000a2200000)
 Metaspace       used 28410K, capacity 29004K, committed 29312K, reserved 1075200K
  class space    used 3960K, capacity 4138K, committed 4224K, reserved 1048576K
}
Event: 26.299 GC heap before
{Heap before GC invocations=15 (full 1):
 PSYoungGen      total 33280K, used 33278K [0x00000000e0000000, 0x00000000e2d80000, 0x0000000100000000)
  eden space 27648K, 100% used [0x00000000e0000000,0x00000000e1b00000,0x00000000e1b00000)
  from space 5632K, 99% used [0x00000000e1b00000,0x00000000e207fb68,0x00000000e2080000)
  to   space 6144K, 0% used [0x00000000e2780000,0x00000000e2780000,0x00000000e2d80000)
 ParOldGen       total 34816K, used 8398K [0x00000000a0000000, 0x00000000a2200000, 0x00000000e0000000)
  object space 34816K, 24% used [0x00000000a0000000,0x00000000a0833b08,0x00000000a2200000)
 Metaspace       used 29877K, capacity 30480K, committed 30592K, reserved 1075200K
  class space    used 4217K, capacity 4417K, committed 4480K, reserved 1048576K
Event: 26.313 GC heap after
Heap after GC invocations=15 (full 1):
 PSYoungGen      total 38912K, used 6133K [0x00000000e0000000, 0x00000000e3080000, 0x0000000100000000)
  eden space 32768K, 0% used [0x00000000e0000000,0x00000000e0000000,0x00000000e2000000)
  from space 6144K, 99% used [0x00000000e2780000,0x00000000e2d7d580,0x00000000e2d80000)
  to   space 7680K, 0% used [0x00000000e2000000,0x00000000e2000000,0x00000000e2780000)
 ParOldGen       total 34816K, used 9631K [0x00000000a0000000, 0x00000000a2200000, 0x00000000e0000000)
  object space 34816K, 27% used [0x00000000a0000000,0x00000000a0967ec8,0x00000000a2200000)
 Metaspace       used 29877K, capacity 30480K, committed 30592K, reserved 1075200K
  class space    used 4217K, capacity 4417K, committed 4480K, reserved 1048576K
}
Event: 45.756 GC heap before
{Heap before GC invocations=16 (full 1):
 PSYoungGen      total 38912K, used 38901K [0x00000000e0000000, 0x00000000e3080000, 0x0000000100000000)
  eden space 32768K, 100% used [0x00000000e0000000,0x00000000e2000000,0x00000000e2000000)
  from space 6144K, 99% used [0x00000000e2780000,0x00000000e2d7d580,0x00000000e2d80000)
  to   space 7680K, 0% used [0x00000000e2000000,0x00000000e2000000,0x00000000e2780000)
 ParOldGen       total 34816K, used 9631K [0x00000000a0000000, 0x00000000a2200000, 0x00000000e0000000)
  object space 34816K, 27% used [0x00000000a0000000,0x00000000a0967ec8,0x00000000a2200000)
 Metaspace       used 33081K, capacity 33812K, committed 34176K, reserved 1079296K
  class space    used 4638K, capacity 4872K, committed 4992K, reserved 1048576K
Event: 45.769 GC heap after
Heap after GC invocations=16 (full 1):
 PSYoungGen      total 40448K, used 7452K [0x00000000e0000000, 0x00000000e3680000, 0x0000000100000000)
  eden space 32768K, 0% used [0x00000000e0000000,0x00000000e0000000,0x00000000e2000000)
  from space 7680K, 97% used [0x00000000e2000000,0x00000000e2747210,0x00000000e2780000)
  to   space 8192K, 0% used [0x00000000e2e80000,0x00000000e2e80000,0x00000000e3680000)
 ParOldGen       total 34816K, used 11173K [0x00000000a0000000, 0x00000000a2200000, 0x00000000e0000000)
  object space 34816K, 32% used [0x00000000a0000000,0x00000000a0ae94f8,0x00000000a2200000)
 Metaspace       used 33081K, capacity 33812K, committed 34176K, reserved 1079296K
  class space    used 4638K, capacity 4872K, committed 4992K, reserved 1048576K
}
Event: 46.400 GC heap before
{Heap before GC invocations=17 (full 1):
 PSYoungGen      total 40448K, used 16190K [0x00000000e0000000, 0x00000000e3680000, 0x0000000100000000)
  eden space 32768K, 26% used [0x00000000e0000000,0x00000000e0888890,0x00000000e2000000)
  from space 7680K, 97% used [0x00000000e2000000,0x00000000e2747210,0x00000000e2780000)
  to   space 8192K, 0% used [0x00000000e2e80000,0x00000000e2e80000,0x00000000e3680000)
 ParOldGen       total 34816K, used 11173K [0x00000000a0000000, 0x00000000a2200000, 0x00000000e0000000)
  object space 34816K, 32% used [0x00000000a0000000,0x00000000a0ae94f8,0x00000000a2200000)
 Metaspace       used 34573K, capacity 35300K, committed 35416K, reserved 1079296K
  class space    used 4842K, capacity 5091K, committed 5120K, reserved 1048576K
Event: 46.427 GC heap after
Heap after GC invocations=17 (full 1):
 PSYoungGen      total 47104K, used 6762K [0x00000000e0000000, 0x00000000e3d80000, 0x0000000100000000)
  eden space 38912K, 0% used [0x00000000e0000000,0x00000000e0000000,0x00000000e2600000)
  from space 8192K, 82% used [0x00000000e2e80000,0x00000000e351a908,0x00000000e3680000)
  to   space 8704K, 0% used [0x00000000e2600000,0x00000000e2600000,0x00000000e2e80000)
 ParOldGen       total 34816K, used 11181K [0x00000000a0000000, 0x00000000a2200000, 0x00000000e0000000)
  object space 34816K, 32% used [0x00000000a0000000,0x00000000a0aeb4f8,0x00000000a2200000)
 Metaspace       used 34573K, capacity 35300K, committed 35416K, reserved 1079296K
  class space    used 4842K, capacity 5091K, committed 5120K, reserved 1048576K
}
Event: 46.427 GC heap before
{Heap before GC invocations=18 (full 2):
 PSYoungGen      total 47104K, used 6762K [0x00000000e0000000, 0x00000000e3d80000, 0x0000000100000000)
  eden space 38912K, 0% used [0x00000000e0000000,0x00000000e0000000,0x00000000e2600000)
  from space 8192K, 82% used [0x00000000e2e80000,0x00000000e351a908,0x00000000e3680000)
  to   space 8704K, 0% used [0x00000000e2600000,0x00000000e2600000,0x00000000e2e80000)
 ParOldGen       total 34816K, used 11181K [0x00000000a0000000, 0x00000000a2200000, 0x00000000e0000000)
  object space 34816K, 32% used [0x00000000a0000000,0x00000000a0aeb4f8,0x00000000a2200000)
 Metaspace       used 34573K, capacity 35300K, committed 35416K, reserved 1079296K
  class space    used 4842K, capacity 5091K, committed 5120K, reserved 1048576K
Event: 46.613 GC heap after
Heap after GC invocations=18 (full 2):
 PSYoungGen      total 47104K, used 0K [0x00000000e0000000, 0x00000000e3d80000, 0x0000000100000000)
  eden space 38912K, 0% used [0x00000000e0000000,0x00000000e0000000,0x00000000e2600000)
  from space 8192K, 0% used [0x00000000e2e80000,0x00000000e2e80000,0x00000000e3680000)
  to   space 8704K, 0% used [0x00000000e2600000,0x00000000e2600000,0x00000000e2e80000)
 ParOldGen       total 51712K, used 16005K [0x00000000a0000000, 0x00000000a3280000, 0x00000000e0000000)
  object space 51712K, 30% used [0x00000000a0000000,0x00000000a0fa1718,0x00000000a3280000)
 Metaspace       used 34573K, capacity 35300K, committed 35416K, reserved 1079296K
  class space    used 4842K, capacity 5091K, committed 5120K, reserved 1048576K
}

